2024/08/13 10:01:22 [notice] 1#1: using the "epoll" event method
2024/08/13 10:01:22 [notice] 1#1: nginx/1.27.0
2024/08/13 10:01:22 [notice] 1#1: built by gcc 12.2.0 (Debian 12.2.0-14) 
2024/08/13 10:01:22 [notice] 1#1: OS: Linux 6.8.0-40-generic
2024/08/13 10:01:22 [notice] 1#1: getrlimit(RLIMIT_NOFILE): 1048576:1048576
2024/08/13 10:01:22 [notice] 1#1: start worker processes
2024/08/13 10:01:22 [notice] 1#1: start worker process 20
2024/08/13 10:01:22 [notice] 1#1: start worker process 21
2024/08/13 10:03:05 [notice] 1#1: signal 3 (SIGQUIT) received, shutting down
2024/08/13 10:03:05 [notice] 20#20: gracefully shutting down
2024/08/13 10:03:05 [notice] 20#20: exiting
2024/08/13 10:03:05 [notice] 20#20: exit
2024/08/13 10:03:05 [notice] 21#21: gracefully shutting down
2024/08/13 10:03:05 [notice] 21#21: exiting
2024/08/13 10:03:05 [notice] 21#21: exit
2024/08/13 10:03:05 [notice] 1#1: signal 17 (SIGCHLD) received from 21
2024/08/13 10:03:05 [notice] 1#1: worker process 20 exited with code 0
2024/08/13 10:03:05 [notice] 1#1: worker process 21 exited with code 0
2024/08/13 10:03:05 [notice] 1#1: exit
2024/08/13 10:03:06 [notice] 1#1: using the "epoll" event method
2024/08/13 10:03:06 [notice] 1#1: nginx/1.27.0
2024/08/13 10:03:06 [notice] 1#1: built by gcc 12.2.0 (Debian 12.2.0-14) 
2024/08/13 10:03:06 [notice] 1#1: OS: Linux 6.8.0-40-generic
2024/08/13 10:03:06 [notice] 1#1: getrlimit(RLIMIT_NOFILE): 1048576:1048576
2024/08/13 10:03:06 [notice] 1#1: start worker processes
2024/08/13 10:03:06 [notice] 1#1: start worker process 21
2024/08/13 10:03:06 [notice] 1#1: start worker process 22
2024/08/13 10:30:49 [notice] 1#1: signal 3 (SIGQUIT) received, shutting down
2024/08/13 10:30:49 [notice] 22#22: gracefully shutting down
2024/08/13 10:30:49 [notice] 22#22: exiting
2024/08/13 10:30:49 [notice] 22#22: exit
2024/08/13 10:30:49 [notice] 21#21: gracefully shutting down
2024/08/13 10:30:49 [notice] 21#21: exiting
2024/08/13 10:30:49 [notice] 21#21: exit
2024/08/13 10:30:49 [notice] 1#1: signal 17 (SIGCHLD) received from 22
2024/08/13 10:30:49 [notice] 1#1: worker process 21 exited with code 0
2024/08/13 10:30:49 [notice] 1#1: worker process 22 exited with code 0
2024/08/13 10:30:49 [notice] 1#1: exit
